<?xml version="1.0" encoding="UTF-8"?>
<testng-results ignored="0" total="15" passed="12" failed="3" skipped="0">
  <reporter-output>
    <line>
      <![CDATA[Test case Started1]]>
    </line>
    <line>
      <![CDATA[Test case Started]]>
    </line>
    <line>
      <![CDATA[Test case passed]]>
    </line>
    <line>
      <![CDATA[Test case Started]]>
    </line>
    <line>
      <![CDATA[Test case passed]]>
    </line>
    <line>
      <![CDATA[Test case Started]]>
    </line>
    <line>
      <![CDATA[Test case passed]]>
    </line>
    <line>
      <![CDATA[Test case Started]]>
    </line>
    <line>
      <![CDATA[Test case passed]]>
    </line>
    <line>
      <![CDATA[Test case Started]]>
    </line>
    <line>
      <![CDATA[Test case Failed]]>
    </line>
    <line>
      <![CDATA[Test case Started]]>
    </line>
    <line>
      <![CDATA[Test case passed]]>
    </line>
    <line>
      <![CDATA[Test case Started]]>
    </line>
    <line>
      <![CDATA[Test case passed]]>
    </line>
    <line>
      <![CDATA[Test case Started]]>
    </line>
    <line>
      <![CDATA[Test case passed]]>
    </line>
    <line>
      <![CDATA[Test case Started]]>
    </line>
    <line>
      <![CDATA[Test case Failed]]>
    </line>
    <line>
      <![CDATA[Test case Started]]>
    </line>
    <line>
      <![CDATA[Test case passed]]>
    </line>
    <line>
      <![CDATA[Test case Started]]>
    </line>
    <line>
      <![CDATA[Test case passed]]>
    </line>
    <line>
      <![CDATA[Test case Started]]>
    </line>
    <line>
      <![CDATA[Test case passed]]>
    </line>
    <line>
      <![CDATA[Test case Started]]>
    </line>
    <line>
      <![CDATA[Test case passed]]>
    </line>
    <line>
      <![CDATA[Test case Started]]>
    </line>
    <line>
      <![CDATA[Test case Failed]]>
    </line>
    <line>
      <![CDATA[Test case Started]]>
    </line>
    <line>
      <![CDATA[Test case passed]]>
    </line>
  </reporter-output>
  <suite started-at="2024-03-13T17:14:24 IST" name="Default suite" finished-at="2024-03-13T17:22:00 IST" duration-ms="455634">
    <groups>
    </groups>
    <test started-at="2024-03-13T17:14:24 IST" name="Default test" finished-at="2024-03-13T17:22:00 IST" duration-ms="455634">
      <class name="Project3.Goibibo.Testcase11">
        <test-method is-config="true" signature="launchbrowser()[pri:0, instance:Project3.Goibibo.Testcase11@3ba987b8]" started-at="2024-03-13T17:14:24 IST" name="launchbrowser" finished-at="2024-03-13T17:14:29 IST" duration-ms="4534" status="PASS">
          <reporter-output>
          </reporter-output>
        </test-method> <!-- launchbrowser -->
        <test-method signature="goibibotestcase11(java.lang.String)[pri:0, instance:Project3.Goibibo.Testcase11@3ba987b8]" started-at="2024-03-13T17:14:29 IST" name="goibibotestcase11" data-provider="Product" finished-at="2024-03-13T17:14:55 IST" duration-ms="26700" status="PASS">
          <params>
            <param index="0">
              <value>
                <![CDATA[Shirt]]>
              </value>
            </param>
          </params>
          <reporter-output>
            <line>
              <![CDATA[Test case Started]]>
            </line>
            <line>
              <![CDATA[Test case passed]]>
            </line>
          </reporter-output>
        </test-method> <!-- goibibotestcase11 -->
        <test-method is-config="true" signature="quitbrowser()[pri:0, instance:Project3.Goibibo.Testcase11@3ba987b8]" started-at="2024-03-13T17:14:55 IST" name="quitbrowser" finished-at="2024-03-13T17:14:56 IST" duration-ms="331" status="PASS">
          <reporter-output>
          </reporter-output>
        </test-method> <!-- quitbrowser -->
      </class> <!-- Project3.Goibibo.Testcase11 -->
      <class name="Project3.Goibibo.Testcase10">
        <test-method is-config="true" signature="launchbrowser()[pri:0, instance:Project3.Goibibo.Testcase10@3f191845]" started-at="2024-03-13T17:14:56 IST" name="launchbrowser" finished-at="2024-03-13T17:15:00 IST" duration-ms="4031" status="PASS">
          <reporter-output>
          </reporter-output>
        </test-method> <!-- launchbrowser -->
        <test-method signature="goibibotestcase10(java.lang.String)[pri:0, instance:Project3.Goibibo.Testcase10@3f191845]" started-at="2024-03-13T17:15:00 IST" name="goibibotestcase10" data-provider="Product" finished-at="2024-03-13T17:15:17 IST" duration-ms="16856" status="PASS">
          <params>
            <param index="0">
              <value>
                <![CDATA[Shirt]]>
              </value>
            </param>
          </params>
          <reporter-output>
            <line>
              <![CDATA[Test case Started]]>
            </line>
            <line>
              <![CDATA[Test case passed]]>
            </line>
          </reporter-output>
        </test-method> <!-- goibibotestcase10 -->
        <test-method is-config="true" signature="quitbrowser()[pri:0, instance:Project3.Goibibo.Testcase10@3f191845]" started-at="2024-03-13T17:15:17 IST" name="quitbrowser" finished-at="2024-03-13T17:15:17 IST" duration-ms="302" status="PASS">
          <reporter-output>
          </reporter-output>
        </test-method> <!-- quitbrowser -->
      </class> <!-- Project3.Goibibo.Testcase10 -->
      <class name="Project3.Goibibo.Testcase15">
        <test-method is-config="true" signature="launchbrowser()[pri:0, instance:Project3.Goibibo.Testcase15@5f049ea1]" started-at="2024-03-13T17:15:17 IST" name="launchbrowser" finished-at="2024-03-13T17:15:21 IST" duration-ms="3842" status="PASS">
          <reporter-output>
          </reporter-output>
        </test-method> <!-- launchbrowser -->
        <test-method signature="goibibotestcase15(java.lang.String)[pri:0, instance:Project3.Goibibo.Testcase15@5f049ea1]" started-at="2024-03-13T17:15:21 IST" name="goibibotestcase15" data-provider="Product" finished-at="2024-03-13T17:16:32 IST" duration-ms="70743" status="PASS">
          <params>
            <param index="0">
              <value>
                <![CDATA[Shirt]]>
              </value>
            </param>
          </params>
          <reporter-output>
            <line>
              <![CDATA[Test case Started]]>
            </line>
            <line>
              <![CDATA[Test case passed]]>
            </line>
          </reporter-output>
        </test-method> <!-- goibibotestcase15 -->
        <test-method is-config="true" signature="quitbrowser()[pri:0, instance:Project3.Goibibo.Testcase15@5f049ea1]" started-at="2024-03-13T17:16:32 IST" name="quitbrowser" finished-at="2024-03-13T17:16:32 IST" duration-ms="268" status="PASS">
          <reporter-output>
          </reporter-output>
        </test-method> <!-- quitbrowser -->
      </class> <!-- Project3.Goibibo.Testcase15 -->
      <class name="Project3.Goibibo.Testcase14">
        <test-method is-config="true" signature="launchbrowser()[pri:0, instance:Project3.Goibibo.Testcase14@72cc7e6f]" started-at="2024-03-13T17:16:32 IST" name="launchbrowser" finished-at="2024-03-13T17:16:36 IST" duration-ms="3899" status="PASS">
          <reporter-output>
          </reporter-output>
        </test-method> <!-- launchbrowser -->
        <test-method signature="goibibotestcase14(java.lang.String)[pri:0, instance:Project3.Goibibo.Testcase14@72cc7e6f]" started-at="2024-03-13T17:16:36 IST" name="goibibotestcase14" data-provider="Product" finished-at="2024-03-13T17:16:50 IST" duration-ms="14146" status="PASS">
          <params>
            <param index="0">
              <value>
                <![CDATA[Shirt]]>
              </value>
            </param>
          </params>
          <reporter-output>
            <line>
              <![CDATA[Test case Started]]>
            </line>
            <line>
              <![CDATA[Test case passed]]>
            </line>
          </reporter-output>
        </test-method> <!-- goibibotestcase14 -->
        <test-method is-config="true" signature="quitbrowser()[pri:0, instance:Project3.Goibibo.Testcase14@72cc7e6f]" started-at="2024-03-13T17:16:50 IST" name="quitbrowser" finished-at="2024-03-13T17:16:51 IST" duration-ms="319" status="PASS">
          <reporter-output>
          </reporter-output>
        </test-method> <!-- quitbrowser -->
      </class> <!-- Project3.Goibibo.Testcase14 -->
      <class name="Project3.Goibibo.Testcase1">
        <test-method is-config="true" signature="launchbrowser()[pri:0, instance:Project3.Goibibo.Testcase1@5afa3c9]" started-at="2024-03-13T17:16:51 IST" name="launchbrowser" finished-at="2024-03-13T17:16:54 IST" duration-ms="3727" status="PASS">
          <reporter-output>
          </reporter-output>
        </test-method> <!-- launchbrowser -->
        <test-method signature="goibibotestcase1(java.lang.String)[pri:0, instance:Project3.Goibibo.Testcase1@5afa3c9]" started-at="2024-03-13T17:16:54 IST" name="goibibotestcase1" data-provider="Product" finished-at="2024-03-13T17:17:05 IST" duration-ms="10946" status="FAIL">
          <params>
            <param index="0">
              <value>
                <![CDATA[Shirt]]>
              </value>
            </param>
          </params>
          <exception class="java.lang.AssertionError">
            <message>
              <![CDATA[expected [Account created successfully] but found []]]>
            </message>
            <full-stacktrace>
              <![CDATA[java.lang.AssertionError: expected [Account created successfully] but found []
at org.testng.Assert.fail(Assert.java:111)
at org.testng.Assert.failNotEquals(Assert.java:1578)
at org.testng.Assert.assertEqualsImpl(Assert.java:150)
at org.testng.Assert.assertEquals(Assert.java:132)
at org.testng.Assert.assertEquals(Assert.java:656)
at org.testng.Assert.assertEquals(Assert.java:666)
at Project3.Goibibo.Source1.confirm_msg(Source1.java:61)
at Project3.Goibibo.Testcase1.goibibotestcase1(Testcase1.java:21)
at java.base/jdk.internal.reflect.NativeMethodAccessorImpl.invoke0(Native Method)
at java.base/jdk.internal.reflect.NativeMethodAccessorImpl.invoke(NativeMethodAccessorImpl.java:77)
at java.base/jdk.internal.reflect.DelegatingMethodAccessorImpl.invoke(DelegatingMethodAccessorImpl.java:43)
at java.base/java.lang.reflect.Method.invoke(Method.java:568)
at org.testng.internal.invokers.MethodInvocationHelper.invokeMethod(MethodInvocationHelper.java:139)
at org.testng.internal.invokers.TestInvoker.invokeMethod(TestInvoker.java:664)
at org.testng.internal.invokers.TestInvoker.invokeTestMethod(TestInvoker.java:228)
at org.testng.internal.invokers.MethodRunner.runInSequence(MethodRunner.java:63)
at org.testng.internal.invokers.TestInvoker$MethodInvocationAgent.invoke(TestInvoker.java:961)
at org.testng.internal.invokers.TestInvoker.invokeTestMethods(TestInvoker.java:201)
at org.testng.internal.invokers.TestMethodWorker.invokeTestMethods(TestMethodWorker.java:148)
at org.testng.internal.invokers.TestMethodWorker.run(TestMethodWorker.java:128)
at java.base/java.util.ArrayList.forEach(ArrayList.java:1511)
at org.testng.TestRunner.privateRun(TestRunner.java:819)
at org.testng.TestRunner.run(TestRunner.java:619)
at org.testng.SuiteRunner.runTest(SuiteRunner.java:443)
at org.testng.SuiteRunner.runSequentially(SuiteRunner.java:437)
at org.testng.SuiteRunner.privateRun(SuiteRunner.java:397)
at org.testng.SuiteRunner.run(SuiteRunner.java:336)
at org.testng.SuiteRunnerWorker.runSuite(SuiteRunnerWorker.java:52)
at org.testng.SuiteRunnerWorker.run(SuiteRunnerWorker.java:95)
at org.testng.TestNG.runSuitesSequentially(TestNG.java:1301)
at org.testng.TestNG.runSuitesLocally(TestNG.java:1228)
at org.testng.TestNG.runSuites(TestNG.java:1134)
at org.testng.TestNG.run(TestNG.java:1101)
at org.testng.remote.AbstractRemoteTestNG.run(AbstractRemoteTestNG.java:115)
at org.testng.remote.RemoteTestNG.initAndRun(RemoteTestNG.java:251)
at org.testng.remote.RemoteTestNG.main(RemoteTestNG.java:77)
]]>
            </full-stacktrace>
          </exception> <!-- java.lang.AssertionError -->
          <reporter-output>
            <line>
              <![CDATA[Test case Started]]>
            </line>
            <line>
              <![CDATA[Test case Failed]]>
            </line>
          </reporter-output>
        </test-method> <!-- goibibotestcase1 -->
        <test-method is-config="true" signature="quitbrowser()[pri:0, instance:Project3.Goibibo.Testcase1@5afa3c9]" started-at="2024-03-13T17:17:06 IST" name="quitbrowser" finished-at="2024-03-13T17:17:06 IST" duration-ms="270" status="PASS">
          <reporter-output>
          </reporter-output>
        </test-method> <!-- quitbrowser -->
      </class> <!-- Project3.Goibibo.Testcase1 -->
      <class name="Project3.Goibibo.Testcase13">
        <test-method is-config="true" signature="launchbrowser()[pri:0, instance:Project3.Goibibo.Testcase13@72035809]" started-at="2024-03-13T17:17:06 IST" name="launchbrowser" finished-at="2024-03-13T17:17:10 IST" duration-ms="3819" status="PASS">
          <reporter-output>
          </reporter-output>
        </test-method> <!-- launchbrowser -->
        <test-method signature="goibibotestcase13(java.lang.String)[pri:0, instance:Project3.Goibibo.Testcase13@72035809]" started-at="2024-03-13T17:17:10 IST" name="goibibotestcase13" data-provider="Product" finished-at="2024-03-13T17:17:48 IST" duration-ms="38381" status="PASS">
          <params>
            <param index="0">
              <value>
                <![CDATA[Shirt]]>
              </value>
            </param>
          </params>
          <reporter-output>
            <line>
              <![CDATA[Test case Started]]>
            </line>
            <line>
              <![CDATA[Test case passed]]>
            </line>
          </reporter-output>
        </test-method> <!-- goibibotestcase13 -->
        <test-method is-config="true" signature="quitbrowser()[pri:0, instance:Project3.Goibibo.Testcase13@72035809]" started-at="2024-03-13T17:17:48 IST" name="quitbrowser" finished-at="2024-03-13T17:17:49 IST" duration-ms="328" status="PASS">
          <reporter-output>
          </reporter-output>
        </test-method> <!-- quitbrowser -->
      </class> <!-- Project3.Goibibo.Testcase13 -->
      <class name="Project3.Goibibo.Testcase12">
        <test-method is-config="true" signature="launchbrowser()[pri:0, instance:Project3.Goibibo.Testcase12@18271936]" started-at="2024-03-13T17:18:03 IST" name="launchbrowser" finished-at="2024-03-13T17:18:07 IST" duration-ms="3757" status="PASS">
          <reporter-output>
          </reporter-output>
        </test-method> <!-- launchbrowser -->
        <test-method signature="goibibotestcase12(java.lang.String)[pri:0, instance:Project3.Goibibo.Testcase12@18271936]" started-at="2024-03-13T17:18:07 IST" name="goibibotestcase12" data-provider="Product" finished-at="2024-03-13T17:18:55 IST" duration-ms="47598" status="PASS">
          <params>
            <param index="0">
              <value>
                <![CDATA[Shirt]]>
              </value>
            </param>
          </params>
          <reporter-output>
            <line>
              <![CDATA[Test case Started]]>
            </line>
            <line>
              <![CDATA[Test case passed]]>
            </line>
          </reporter-output>
        </test-method> <!-- goibibotestcase12 -->
        <test-method is-config="true" signature="quitbrowser()[pri:0, instance:Project3.Goibibo.Testcase12@18271936]" started-at="2024-03-13T17:18:55 IST" name="quitbrowser" finished-at="2024-03-13T17:18:55 IST" duration-ms="301" status="PASS">
          <reporter-output>
          </reporter-output>
        </test-method> <!-- quitbrowser -->
      </class> <!-- Project3.Goibibo.Testcase12 -->
      <class name="Project3.Goibibo.Testcase2">
        <test-method is-config="true" signature="launchbrowser()[pri:0, instance:Project3.Goibibo.Testcase2@909217e]" started-at="2024-03-13T17:17:49 IST" name="launchbrowser" finished-at="2024-03-13T17:17:52 IST" duration-ms="3813" status="PASS">
          <reporter-output>
          </reporter-output>
        </test-method> <!-- launchbrowser -->
        <test-method signature="goibibotestcase2(java.lang.String)[pri:0, instance:Project3.Goibibo.Testcase2@909217e]" started-at="2024-03-13T17:17:52 IST" name="goibibotestcase2" data-provider="Product" finished-at="2024-03-13T17:18:03 IST" duration-ms="10244" status="PASS">
          <params>
            <param index="0">
              <value>
                <![CDATA[Shirt]]>
              </value>
            </param>
          </params>
          <reporter-output>
            <line>
              <![CDATA[Test case Started]]>
            </line>
            <line>
              <![CDATA[Test case passed]]>
            </line>
          </reporter-output>
        </test-method> <!-- goibibotestcase2 -->
        <test-method is-config="true" signature="quitbrowser()[pri:0, instance:Project3.Goibibo.Testcase2@909217e]" started-at="2024-03-13T17:18:03 IST" name="quitbrowser" finished-at="2024-03-13T17:18:03 IST" duration-ms="359" status="PASS">
          <reporter-output>
          </reporter-output>
        </test-method> <!-- quitbrowser -->
      </class> <!-- Project3.Goibibo.Testcase2 -->
      <class name="Project3.Goibibo.Testcase3">
        <test-method is-config="true" signature="launchbrowser()[pri:0, instance:Project3.Goibibo.Testcase3@606e4010]" started-at="2024-03-13T17:18:55 IST" name="launchbrowser" finished-at="2024-03-13T17:18:59 IST" duration-ms="3794" status="PASS">
          <reporter-output>
          </reporter-output>
        </test-method> <!-- launchbrowser -->
        <test-method signature="goibibotestcase3(java.lang.String)[pri:0, instance:Project3.Goibibo.Testcase3@606e4010]" started-at="2024-03-13T17:18:59 IST" name="goibibotestcase3" data-provider="Product" finished-at="2024-03-13T17:19:19 IST" duration-ms="20598" status="FAIL">
          <params>
            <param index="0">
              <value>
                <![CDATA[Shirt]]>
              </value>
            </param>
          </params>
          <exception class="org.openqa.selenium.NoSuchElementException">
            <message>
              <![CDATA[no such element: Unable to locate element: {"method":"xpath","selector":"//p[@class='errorMessage']"}
  (Session info: chrome=122.0.6261.112)
For documentation on this error, please visit: https://www.selenium.dev/documentation/webdriver/troubleshooting/errors#no-such-element-exception
Build info: version: '4.16.1', revision: '9b4c83354e'
System info: os.name: 'Windows 11', os.arch: 'amd64', os.version: '10.0', java.version: '17.0.9'
Driver info: org.openqa.selenium.chrome.ChromeDriver
Command: [0072f3b6338d775c81c8a456b2b08232, findElement {using=xpath, value=//p[@class='errorMessage']}]
Capabilities {acceptInsecureCerts: false, browserName: chrome, browserVersion: 122.0.6261.112, chrome: {chromedriverVersion: 122.0.6261.128 (f18a44fedeb..., userDataDir: C:\Users\SESA58~1\AppData\L...}, fedcm:accounts: true, goog:chromeOptions: {debuggerAddress: localhost:59346}, networkConnectionEnabled: false, pageLoadStrategy: normal, platformName: windows, proxy: Proxy(), se:cdp: ws://localhost:59346/devtoo..., se:cdpVersion: 122.0.6261.112, setWindowRect: true, strictFileInteractability: false, timeouts: {implicit: 0, pageLoad: 300000, script: 30000}, unhandledPromptBehavior: dismiss and notify, webauthn:extension:credBlob: true, webauthn:extension:largeBlob: true, webauthn:extension:minPinLength: true, webauthn:extension:prf: true, webauthn:virtualAuthenticators: true}
Session ID: 0072f3b6338d775c81c8a456b2b08232]]>
            </message>
            <full-stacktrace>
              <![CDATA[org.openqa.selenium.NoSuchElementException: no such element: Unable to locate element: {"method":"xpath","selector":"//p[@class='errorMessage']"}
  (Session info: chrome=122.0.6261.112)
For documentation on this error, please visit: https://www.selenium.dev/documentation/webdriver/troubleshooting/errors#no-such-element-exception
Build info: version: '4.16.1', revision: '9b4c83354e'
System info: os.name: 'Windows 11', os.arch: 'amd64', os.version: '10.0', java.version: '17.0.9'
Driver info: org.openqa.selenium.chrome.ChromeDriver
Command: [0072f3b6338d775c81c8a456b2b08232, findElement {using=xpath, value=//p[@class='errorMessage']}]
Capabilities {acceptInsecureCerts: false, browserName: chrome, browserVersion: 122.0.6261.112, chrome: {chromedriverVersion: 122.0.6261.128 (f18a44fedeb..., userDataDir: C:\Users\SESA58~1\AppData\L...}, fedcm:accounts: true, goog:chromeOptions: {debuggerAddress: localhost:59346}, networkConnectionEnabled: false, pageLoadStrategy: normal, platformName: windows, proxy: Proxy(), se:cdp: ws://localhost:59346/devtoo..., se:cdpVersion: 122.0.6261.112, setWindowRect: true, strictFileInteractability: false, timeouts: {implicit: 0, pageLoad: 300000, script: 30000}, unhandledPromptBehavior: dismiss and notify, webauthn:extension:credBlob: true, webauthn:extension:largeBlob: true, webauthn:extension:minPinLength: true, webauthn:extension:prf: true, webauthn:virtualAuthenticators: true}
Session ID: 0072f3b6338d775c81c8a456b2b08232
at java.base/jdk.internal.reflect.NativeConstructorAccessorImpl.newInstance0(Native Method)
at java.base/jdk.internal.reflect.NativeConstructorAccessorImpl.newInstance(NativeConstructorAccessorImpl.java:77)
at java.base/jdk.internal.reflect.DelegatingConstructorAccessorImpl.newInstance(DelegatingConstructorAccessorImpl.java:45)
at java.base/java.lang.reflect.Constructor.newInstanceWithCaller(Constructor.java:499)
at java.base/java.lang.reflect.Constructor.newInstance(Constructor.java:480)
at org.openqa.selenium.remote.codec.w3c.W3CHttpResponseCodec.createException(W3CHttpResponseCodec.java:200)
at org.openqa.selenium.remote.codec.w3c.W3CHttpResponseCodec.decode(W3CHttpResponseCodec.java:133)
at org.openqa.selenium.remote.codec.w3c.W3CHttpResponseCodec.decode(W3CHttpResponseCodec.java:52)
at org.openqa.selenium.remote.HttpCommandExecutor.execute(HttpCommandExecutor.java:191)
at org.openqa.selenium.remote.service.DriverCommandExecutor.invokeExecute(DriverCommandExecutor.java:200)
at org.openqa.selenium.remote.service.DriverCommandExecutor.execute(DriverCommandExecutor.java:175)
at org.openqa.selenium.remote.RemoteWebDriver.execute(RemoteWebDriver.java:523)
at org.openqa.selenium.remote.ElementLocation$ElementFinder$2.findElement(ElementLocation.java:165)
at org.openqa.selenium.remote.ElementLocation.findElement(ElementLocation.java:59)
at org.openqa.selenium.remote.RemoteWebDriver.findElement(RemoteWebDriver.java:360)
at org.openqa.selenium.remote.RemoteWebDriver.findElement(RemoteWebDriver.java:354)
at org.openqa.selenium.support.pagefactory.DefaultElementLocator.findElement(DefaultElementLocator.java:68)
at org.openqa.selenium.support.pagefactory.internal.LocatingElementHandler.invoke(LocatingElementHandler.java:38)
at jdk.proxy2/jdk.proxy2.$Proxy16.getText(Unknown Source)
at Project3.Goibibo.Source3.error_message(Source3.java:79)
at Project3.Goibibo.Testcase3.goibibotestcase3(Testcase3.java:25)
at java.base/jdk.internal.reflect.NativeMethodAccessorImpl.invoke0(Native Method)
at java.base/jdk.internal.reflect.NativeMethodAccessorImpl.invoke(NativeMethodAccessorImpl.java:77)
at java.base/jdk.internal.reflect.DelegatingMethodAccessorImpl.invoke(DelegatingMethodAccessorImpl.java:43)
at java.base/java.lang.reflect.Method.invoke(Method.java:568)
at org.testng.internal.invokers.MethodInvocationHelper.invokeMethod(MethodInvocationHelper.java:139)
at org.testng.internal.invokers.TestInvoker.invokeMethod(TestInvoker.java:664)
at org.testng.internal.invokers.TestInvoker.invokeTestMethod(TestInvoker.java:228)
at org.testng.internal.invokers.MethodRunner.runInSequence(MethodRunner.java:63)
at org.testng.internal.invokers.TestInvoker$MethodInvocationAgent.invoke(TestInvoker.java:961)
at org.testng.internal.invokers.TestInvoker.invokeTestMethods(TestInvoker.java:201)
at org.testng.internal.invokers.TestMethodWorker.invokeTestMethods(TestMethodWorker.java:148)
at org.testng.internal.invokers.TestMethodWorker.run(TestMethodWorker.java:128)
at java.base/java.util.ArrayList.forEach(ArrayList.java:1511)
at org.testng.TestRunner.privateRun(TestRunner.java:819)
at org.testng.TestRunner.run(TestRunner.java:619)
at org.testng.SuiteRunner.runTest(SuiteRunner.java:443)
at org.testng.SuiteRunner.runSequentially(SuiteRunner.java:437)
at org.testng.SuiteRunner.privateRun(SuiteRunner.java:397)
at org.testng.SuiteRunner.run(SuiteRunner.java:336)
at org.testng.SuiteRunnerWorker.runSuite(SuiteRunnerWorker.java:52)
at org.testng.SuiteRunnerWorker.run(SuiteRunnerWorker.java:95)
at org.testng.TestNG.runSuitesSequentially(TestNG.java:1301)
at org.testng.TestNG.runSuitesLocally(TestNG.java:1228)
at org.testng.TestNG.runSuites(TestNG.java:1134)
at org.testng.TestNG.run(TestNG.java:1101)
at org.testng.remote.AbstractRemoteTestNG.run(AbstractRemoteTestNG.java:115)
at org.testng.remote.RemoteTestNG.initAndRun(RemoteTestNG.java:251)
at org.testng.remote.RemoteTestNG.main(RemoteTestNG.java:77)
]]>
            </full-stacktrace>
          </exception> <!-- org.openqa.selenium.NoSuchElementException -->
          <reporter-output>
            <line>
              <![CDATA[Test case Started]]>
            </line>
            <line>
              <![CDATA[Test case Failed]]>
            </line>
          </reporter-output>
        </test-method> <!-- goibibotestcase3 -->
        <test-method is-config="true" signature="quitbrowser()[pri:0, instance:Project3.Goibibo.Testcase3@606e4010]" started-at="2024-03-13T17:19:20 IST" name="quitbrowser" finished-at="2024-03-13T17:19:20 IST" duration-ms="269" status="PASS">
          <reporter-output>
          </reporter-output>
        </test-method> <!-- quitbrowser -->
      </class> <!-- Project3.Goibibo.Testcase3 -->
      <class name="Project3.Goibibo.Testcase4">
        <test-method is-config="true" signature="launchbrowser()[pri:0, instance:Project3.Goibibo.Testcase4@8458f04]" started-at="2024-03-13T17:19:20 IST" name="launchbrowser" finished-at="2024-03-13T17:19:24 IST" duration-ms="3787" status="PASS">
          <reporter-output>
          </reporter-output>
        </test-method> <!-- launchbrowser -->
        <test-method signature="goibibotestcase4(java.lang.String)[pri:0, instance:Project3.Goibibo.Testcase4@8458f04]" started-at="2024-03-13T17:19:24 IST" name="goibibotestcase4" data-provider="Product" finished-at="2024-03-13T17:19:41 IST" duration-ms="17017" status="PASS">
          <params>
            <param index="0">
              <value>
                <![CDATA[Shirt]]>
              </value>
            </param>
          </params>
          <reporter-output>
            <line>
              <![CDATA[Test case Started]]>
            </line>
            <line>
              <![CDATA[Test case passed]]>
            </line>
          </reporter-output>
        </test-method> <!-- goibibotestcase4 -->
        <test-method is-config="true" signature="quitbrowser()[pri:0, instance:Project3.Goibibo.Testcase4@8458f04]" started-at="2024-03-13T17:19:41 IST" name="quitbrowser" finished-at="2024-03-13T17:19:41 IST" duration-ms="338" status="PASS">
          <reporter-output>
          </reporter-output>
        </test-method> <!-- quitbrowser -->
      </class> <!-- Project3.Goibibo.Testcase4 -->
      <class name="Project3.Goibibo.Testcase5">
        <test-method is-config="true" signature="launchbrowser()[pri:0, instance:Project3.Goibibo.Testcase5@48075da3]" started-at="2024-03-13T17:19:41 IST" name="launchbrowser" finished-at="2024-03-13T17:19:45 IST" duration-ms="3995" status="PASS">
          <reporter-output>
          </reporter-output>
        </test-method> <!-- launchbrowser -->
        <test-method signature="goibibotestcase5(java.lang.String)[pri:0, instance:Project3.Goibibo.Testcase5@48075da3]" started-at="2024-03-13T17:19:45 IST" name="goibibotestcase5" data-provider="Product" finished-at="2024-03-13T17:20:00 IST" duration-ms="15132" status="PASS">
          <params>
            <param index="0">
              <value>
                <![CDATA[Shirt]]>
              </value>
            </param>
          </params>
          <reporter-output>
            <line>
              <![CDATA[Test case Started]]>
            </line>
            <line>
              <![CDATA[Test case passed]]>
            </line>
          </reporter-output>
        </test-method> <!-- goibibotestcase5 -->
        <test-method is-config="true" signature="quitbrowser()[pri:0, instance:Project3.Goibibo.Testcase5@48075da3]" started-at="2024-03-13T17:20:01 IST" name="quitbrowser" finished-at="2024-03-13T17:20:01 IST" duration-ms="413" status="PASS">
          <reporter-output>
          </reporter-output>
        </test-method> <!-- quitbrowser -->
      </class> <!-- Project3.Goibibo.Testcase5 -->
      <class name="Project3.Goibibo.Testcase6">
        <test-method is-config="true" signature="launchbrowser()[pri:0, instance:Project3.Goibibo.Testcase6@68c9133c]" started-at="2024-03-13T17:20:01 IST" name="launchbrowser" finished-at="2024-03-13T17:20:05 IST" duration-ms="3794" status="PASS">
          <reporter-output>
          </reporter-output>
        </test-method> <!-- launchbrowser -->
        <test-method signature="goibibotestcase6(java.lang.String)[pri:0, instance:Project3.Goibibo.Testcase6@68c9133c]" started-at="2024-03-13T17:20:05 IST" name="goibibotestcase6" data-provider="Product" finished-at="2024-03-13T17:20:37 IST" duration-ms="32142" status="PASS">
          <params>
            <param index="0">
              <value>
                <![CDATA[Shirt]]>
              </value>
            </param>
          </params>
          <reporter-output>
            <line>
              <![CDATA[Test case Started]]>
            </line>
            <line>
              <![CDATA[Test case passed]]>
            </line>
          </reporter-output>
        </test-method> <!-- goibibotestcase6 -->
        <test-method is-config="true" signature="quitbrowser()[pri:0, instance:Project3.Goibibo.Testcase6@68c9133c]" started-at="2024-03-13T17:20:37 IST" name="quitbrowser" finished-at="2024-03-13T17:20:37 IST" duration-ms="357" status="PASS">
          <reporter-output>
          </reporter-output>
        </test-method> <!-- quitbrowser -->
      </class> <!-- Project3.Goibibo.Testcase6 -->
      <class name="Project3.Goibibo.Testcase7">
        <test-method is-config="true" signature="launchbrowser()[pri:0, instance:Project3.Goibibo.Testcase7@7a35b0f5]" started-at="2024-03-13T17:20:37 IST" name="launchbrowser" finished-at="2024-03-13T17:20:41 IST" duration-ms="3786" status="PASS">
          <reporter-output>
          </reporter-output>
        </test-method> <!-- launchbrowser -->
        <test-method signature="goibibotestcase7(java.lang.String)[pri:0, instance:Project3.Goibibo.Testcase7@7a35b0f5]" started-at="2024-03-13T17:20:41 IST" name="goibibotestcase7" data-provider="Product" finished-at="2024-03-13T17:20:46 IST" duration-ms="4626" status="PASS">
          <params>
            <param index="0">
              <value>
                <![CDATA[Shirt]]>
              </value>
            </param>
          </params>
          <reporter-output>
            <line>
              <![CDATA[Test case Started]]>
            </line>
            <line>
              <![CDATA[Test case passed]]>
            </line>
          </reporter-output>
        </test-method> <!-- goibibotestcase7 -->
        <test-method is-config="true" signature="quitbrowser()[pri:0, instance:Project3.Goibibo.Testcase7@7a35b0f5]" started-at="2024-03-13T17:20:46 IST" name="quitbrowser" finished-at="2024-03-13T17:20:46 IST" duration-ms="185" status="PASS">
          <reporter-output>
          </reporter-output>
        </test-method> <!-- quitbrowser -->
      </class> <!-- Project3.Goibibo.Testcase7 -->
      <class name="Project3.Goibibo.Testcase8">
        <test-method is-config="true" signature="launchbrowser()[pri:0, instance:Project3.Goibibo.Testcase8@5e2c3d18]" started-at="2024-03-13T17:20:46 IST" name="launchbrowser" finished-at="2024-03-13T17:20:50 IST" duration-ms="3636" status="PASS">
          <reporter-output>
          </reporter-output>
        </test-method> <!-- launchbrowser -->
        <test-method signature="goibibotestcase8(java.lang.String)[pri:0, instance:Project3.Goibibo.Testcase8@5e2c3d18]" started-at="2024-03-13T17:20:50 IST" name="goibibotestcase8" data-provider="Product" finished-at="2024-03-13T17:21:34 IST" duration-ms="44467" status="FAIL">
          <params>
            <param index="0">
              <value>
                <![CDATA[Shirt]]>
              </value>
            </param>
          </params>
          <exception class="org.openqa.selenium.ElementClickInterceptedException">
            <message>
              <![CDATA[element click intercepted: Element <span class="seatText  black">...</span> is not clickable at point (342, 620). Other element would receive the click: <div class="dF justifyCenter padT2 padB2 posRel" id="row_12">...</div>
  (Session info: chrome=122.0.6261.112)
Build info: version: '4.16.1', revision: '9b4c83354e'
System info: os.name: 'Windows 11', os.arch: 'amd64', os.version: '10.0', java.version: '17.0.9'
Driver info: org.openqa.selenium.chrome.ChromeDriver
Command: [f68aa6859ee1308d1891cd23c1b9b87f, clickElement {id=f.94B376E2CC78279891D9BFB1B0080447.d.2058C2FBCE121D7DBB5532C335C25808.e.410}]
Capabilities {acceptInsecureCerts: false, browserName: chrome, browserVersion: 122.0.6261.112, chrome: {chromedriverVersion: 122.0.6261.128 (f18a44fedeb..., userDataDir: C:\Users\SESA58~1\AppData\L...}, fedcm:accounts: true, goog:chromeOptions: {debuggerAddress: localhost:60419}, networkConnectionEnabled: false, pageLoadStrategy: normal, platformName: windows, proxy: Proxy(), se:cdp: ws://localhost:60419/devtoo..., se:cdpVersion: 122.0.6261.112, setWindowRect: true, strictFileInteractability: false, timeouts: {implicit: 0, pageLoad: 300000, script: 30000}, unhandledPromptBehavior: dismiss and notify, webauthn:extension:credBlob: true, webauthn:extension:largeBlob: true, webauthn:extension:minPinLength: true, webauthn:extension:prf: true, webauthn:virtualAuthenticators: true}
Element: [[ChromeDriver: chrome on windows (f68aa6859ee1308d1891cd23c1b9b87f)] -> xpath: (//span[@class='seatText  black'])[9]]
Session ID: f68aa6859ee1308d1891cd23c1b9b87f]]>
            </message>
            <full-stacktrace>
              <![CDATA[org.openqa.selenium.ElementClickInterceptedException: element click intercepted: Element <span class="seatText  black">...</span> is not clickable at point (342, 620). Other element would receive the click: <div class="dF justifyCenter padT2 padB2 posRel" id="row_12">...</div>
  (Session info: chrome=122.0.6261.112)
Build info: version: '4.16.1', revision: '9b4c83354e'
System info: os.name: 'Windows 11', os.arch: 'amd64', os.version: '10.0', java.version: '17.0.9'
Driver info: org.openqa.selenium.chrome.ChromeDriver
Command: [f68aa6859ee1308d1891cd23c1b9b87f, clickElement {id=f.94B376E2CC78279891D9BFB1B0080447.d.2058C2FBCE121D7DBB5532C335C25808.e.410}]
Capabilities {acceptInsecureCerts: false, browserName: chrome, browserVersion: 122.0.6261.112, chrome: {chromedriverVersion: 122.0.6261.128 (f18a44fedeb..., userDataDir: C:\Users\SESA58~1\AppData\L...}, fedcm:accounts: true, goog:chromeOptions: {debuggerAddress: localhost:60419}, networkConnectionEnabled: false, pageLoadStrategy: normal, platformName: windows, proxy: Proxy(), se:cdp: ws://localhost:60419/devtoo..., se:cdpVersion: 122.0.6261.112, setWindowRect: true, strictFileInteractability: false, timeouts: {implicit: 0, pageLoad: 300000, script: 30000}, unhandledPromptBehavior: dismiss and notify, webauthn:extension:credBlob: true, webauthn:extension:largeBlob: true, webauthn:extension:minPinLength: true, webauthn:extension:prf: true, webauthn:virtualAuthenticators: true}
Element: [[ChromeDriver: chrome on windows (f68aa6859ee1308d1891cd23c1b9b87f)] -> xpath: (//span[@class='seatText  black'])[9]]
Session ID: f68aa6859ee1308d1891cd23c1b9b87f
at java.base/jdk.internal.reflect.NativeConstructorAccessorImpl.newInstance0(Native Method)
at java.base/jdk.internal.reflect.NativeConstructorAccessorImpl.newInstance(NativeConstructorAccessorImpl.java:77)
at java.base/jdk.internal.reflect.DelegatingConstructorAccessorImpl.newInstance(DelegatingConstructorAccessorImpl.java:45)
at java.base/java.lang.reflect.Constructor.newInstanceWithCaller(Constructor.java:499)
at java.base/java.lang.reflect.Constructor.newInstance(Constructor.java:480)
at org.openqa.selenium.remote.codec.w3c.W3CHttpResponseCodec.createException(W3CHttpResponseCodec.java:200)
at org.openqa.selenium.remote.codec.w3c.W3CHttpResponseCodec.decode(W3CHttpResponseCodec.java:133)
at org.openqa.selenium.remote.codec.w3c.W3CHttpResponseCodec.decode(W3CHttpResponseCodec.java:52)
at org.openqa.selenium.remote.HttpCommandExecutor.execute(HttpCommandExecutor.java:191)
at org.openqa.selenium.remote.service.DriverCommandExecutor.invokeExecute(DriverCommandExecutor.java:200)
at org.openqa.selenium.remote.service.DriverCommandExecutor.execute(DriverCommandExecutor.java:175)
at org.openqa.selenium.remote.RemoteWebDriver.execute(RemoteWebDriver.java:523)
at org.openqa.selenium.remote.RemoteWebElement.execute(RemoteWebElement.java:224)
at org.openqa.selenium.remote.RemoteWebElement.click(RemoteWebElement.java:77)
at jdk.internal.reflect.GeneratedMethodAccessor1.invoke(Unknown Source)
at java.base/jdk.internal.reflect.DelegatingMethodAccessorImpl.invoke(DelegatingMethodAccessorImpl.java:43)
at java.base/java.lang.reflect.Method.invoke(Method.java:568)
at org.openqa.selenium.support.pagefactory.internal.LocatingElementHandler.invoke(LocatingElementHandler.java:51)
at jdk.proxy2/jdk.proxy2.$Proxy16.click(Unknown Source)
at Project3.Goibibo.Source8.seat_selection(Source8.java:337)
at Project3.Goibibo.Testcase8.goibibotestcase8(Testcase8.java:40)
at java.base/jdk.internal.reflect.NativeMethodAccessorImpl.invoke0(Native Method)
at java.base/jdk.internal.reflect.NativeMethodAccessorImpl.invoke(NativeMethodAccessorImpl.java:77)
at java.base/jdk.internal.reflect.DelegatingMethodAccessorImpl.invoke(DelegatingMethodAccessorImpl.java:43)
at java.base/java.lang.reflect.Method.invoke(Method.java:568)
at org.testng.internal.invokers.MethodInvocationHelper.invokeMethod(MethodInvocationHelper.java:139)
at org.testng.internal.invokers.TestInvoker.invokeMethod(TestInvoker.java:664)
at org.testng.internal.invokers.TestInvoker.invokeTestMethod(TestInvoker.java:228)
at org.testng.internal.invokers.MethodRunner.runInSequence(MethodRunner.java:63)
at org.testng.internal.invokers.TestInvoker$MethodInvocationAgent.invoke(TestInvoker.java:961)
at org.testng.internal.invokers.TestInvoker.invokeTestMethods(TestInvoker.java:201)
at org.testng.internal.invokers.TestMethodWorker.invokeTestMethods(TestMethodWorker.java:148)
at org.testng.internal.invokers.TestMethodWorker.run(TestMethodWorker.java:128)
at java.base/java.util.ArrayList.forEach(ArrayList.java:1511)
at org.testng.TestRunner.privateRun(TestRunner.java:819)
at org.testng.TestRunner.run(TestRunner.java:619)
at org.testng.SuiteRunner.runTest(SuiteRunner.java:443)
at org.testng.SuiteRunner.runSequentially(SuiteRunner.java:437)
at org.testng.SuiteRunner.privateRun(SuiteRunner.java:397)
at org.testng.SuiteRunner.run(SuiteRunner.java:336)
at org.testng.SuiteRunnerWorker.runSuite(SuiteRunnerWorker.java:52)
at org.testng.SuiteRunnerWorker.run(SuiteRunnerWorker.java:95)
at org.testng.TestNG.runSuitesSequentially(TestNG.java:1301)
at org.testng.TestNG.runSuitesLocally(TestNG.java:1228)
at org.testng.TestNG.runSuites(TestNG.java:1134)
at org.testng.TestNG.run(TestNG.java:1101)
at org.testng.remote.AbstractRemoteTestNG.run(AbstractRemoteTestNG.java:115)
at org.testng.remote.RemoteTestNG.initAndRun(RemoteTestNG.java:251)
at org.testng.remote.RemoteTestNG.main(RemoteTestNG.java:77)
]]>
            </full-stacktrace>
          </exception> <!-- org.openqa.selenium.ElementClickInterceptedException -->
          <reporter-output>
            <line>
              <![CDATA[Test case Started]]>
            </line>
            <line>
              <![CDATA[Test case Failed]]>
            </line>
          </reporter-output>
        </test-method> <!-- goibibotestcase8 -->
        <test-method is-config="true" signature="quitbrowser()[pri:0, instance:Project3.Goibibo.Testcase8@5e2c3d18]" started-at="2024-03-13T17:21:35 IST" name="quitbrowser" finished-at="2024-03-13T17:21:35 IST" duration-ms="379" status="PASS">
          <reporter-output>
          </reporter-output>
        </test-method> <!-- quitbrowser -->
      </class> <!-- Project3.Goibibo.Testcase8 -->
      <class name="Project3.Goibibo.Testcase9">
        <test-method is-config="true" signature="launchbrowser()[pri:0, instance:Project3.Goibibo.Testcase9@2cb4893b]" started-at="2024-03-13T17:21:35 IST" name="launchbrowser" finished-at="2024-03-13T17:21:39 IST" duration-ms="3709" status="PASS">
          <reporter-output>
          </reporter-output>
        </test-method> <!-- launchbrowser -->
        <test-method signature="goibibotestcase9(java.lang.String)[pri:0, instance:Project3.Goibibo.Testcase9@2cb4893b]" started-at="2024-03-13T17:21:39 IST" name="goibibotestcase9" data-provider="Product" finished-at="2024-03-13T17:21:59 IST" duration-ms="20460" status="PASS">
          <params>
            <param index="0">
              <value>
                <![CDATA[Shirt]]>
              </value>
            </param>
          </params>
          <reporter-output>
            <line>
              <![CDATA[Test case Started]]>
            </line>
            <line>
              <![CDATA[Test case passed]]>
            </line>
          </reporter-output>
        </test-method> <!-- goibibotestcase9 -->
        <test-method is-config="true" signature="quitbrowser()[pri:0, instance:Project3.Goibibo.Testcase9@2cb4893b]" started-at="2024-03-13T17:21:59 IST" name="quitbrowser" finished-at="2024-03-13T17:22:00 IST" duration-ms="366" status="PASS">
          <reporter-output>
          </reporter-output>
        </test-method> <!-- quitbrowser -->
      </class> <!-- Project3.Goibibo.Testcase9 -->
    </test> <!-- Default test -->
  </suite> <!-- Default suite -->
</testng-results>
